INFO: Header : Author::Unknown
INFO: Header : Authorization::Unknown
INFO: Header : Description::CAx-IF Rec.Pracs.---Representation and Presentation of Product Manufacturing Information (PMI)---4.0---2014-10-13
INFO: Header : File Name::INTAKE3D
INFO: Header : Implementation Level::2;1
INFO: Header : Organization::Unknown
INFO: Header : Originating System::SIEMENS PLM Software NX2406.4001
INFO: Header : Preprocessor Version::ST-DEVELOPER v20
INFO: Header : Schema::AP242_MANAGED_MODEL_BASED_3D_ENGINEERING_MIM_LF { 1 0 10303 442 3 1 4 }
INFO: Header : Time Stamp::2025-04-12T02:47:50-04:00
INFO: Begin CAD File Read 'C:/Users/Mohammed/Desktop/Intake-CFD-Project/nx/INTAKE3D.stp'

INFO:       Summary of STEP Entities
INFO: 
INFO: Entity Type                                                   Count
INFO: -----------                                                   ------
INFO: advanced_face ............................................:   3
INFO: application_context ......................................:   1
INFO: application_protocol_definition ..........................:   1
INFO: axis2_placement_3d .......................................:   17
INFO: b_spline_curve_with_knots ................................:   8
INFO: b_spline_surface_with_knots ..............................:   3
INFO: camera_model_d3 ..........................................:   8
INFO: cartesian_point ..........................................:   2137
INFO: colour_rgb ...............................................:   2
INFO: curve_style ..............................................:   13
INFO: default_model_geometric_view .............................:   1
INFO: direction ................................................:   47
INFO: draughting_model .........................................:   9
INFO: draughting_pre_defined_curve_font ........................:   13
INFO: edge_curve ...............................................:   8
INFO: edge_loop ................................................:   4
INFO: face_bound ...............................................:   4
INFO: fill_area_style ..........................................:   2
INFO: fill_area_style_colour ...................................:   2
INFO: geometrically_bounded_wireframe_shape_representation .....:   1
INFO: geometric_curve_set ......................................:   19
INFO: geometric_representation_context_and_global_uncertainty_a :   1
INFO: length_unit_and_si_unit ..................................:   1
INFO: line .....................................................:   13
INFO: manifold_surface_shape_representation ....................:   1
INFO: mapped_item ..............................................:   9
INFO: mechanical_design_and_draughting_relationship ............:   8
INFO: mechanical_design_geometric_presentation_representation ..:   1
INFO: model_geometric_view .....................................:   7
INFO: open_shell ...............................................:   2
INFO: oriented_edge ............................................:   10
INFO: planar_box ...............................................:   8
INFO: plane_angle_unit_and_si_unit .............................:   1
INFO: presentation_style_assignment ............................:   15
INFO: product ..................................................:   1
INFO: product_category .........................................:   1
INFO: product_context ..........................................:   1
INFO: product_definition .......................................:   1
INFO: product_definition_context ...............................:   1
INFO: product_definition_formation_with_specified_source .......:   1
INFO: product_definition_shape .................................:   1
INFO: product_related_product_category .........................:   1
INFO: representation_map .......................................:   9
INFO: shape_definition_representation ..........................:   1
INFO: shape_representation .....................................:   1
INFO: shape_representation_relationship ........................:   2
INFO: shell_based_surface_model ................................:   2
INFO: si_unit_and_solid_angle_unit .............................:   1
INFO: styled_item ..............................................:   15
INFO: surface_side_style .......................................:   2
INFO: surface_style_fill_area ..................................:   2
INFO: surface_style_usage ......................................:   2
INFO: trimmed_curve ............................................:   13
INFO: uncertainty_measure_with_unit ............................:   1
INFO: vector ...................................................:   13
INFO: vertex_point .............................................:   6
INFO: view_volume ..............................................:   8
INFO:                                                              -------
INFO: Total                                                         2466
